<?xml version="1.0" encoding="UTF-8"?>
<testsuite name="MainTest" tests="1" skipped="0" failures="0" errors="0" timestamp="2021-09-27T19:28:04" hostname="LTUCSTUDENT-L02" time="0.031">
  <properties/>
  <testcase name="roll should return array of length 6" classname="MainTest" time="0.031"/>
  <system-out><![CDATA[]]></system-out>
  <system-err><![CDATA[]]></system-err>
</testsuite>
